<?xml version="1.0" encoding="UTF-8"?>
<!-- Generated by org.testng.reporters.JUnitReportReporter -->
<testsuite hostname="RyanSchlientz" name="daoTest.ReservationDAOTests" tests="5" failures="0" timestamp="3 Mar 2019 19:56:52 GMT" time="1.035" errors="0">
  <testcase name="createReservationTest" time="0.194" classname="daoTest.ReservationDAOTests"/>
  <testcase name="getAllListingTest" time="0.113" classname="daoTest.ReservationDAOTests"/>
  <testcase name="getReservationTest" time="0.077" classname="daoTest.ReservationDAOTests"/>
  <testcase name="updateListingTest" time="0.185" classname="daoTest.ReservationDAOTests"/>
  <testcase name="deleteListingTest" time="0.466" classname="daoTest.ReservationDAOTests"/>
</testsuite> <!-- daoTest.ReservationDAOTests -->
