<?xml version="1.0" encoding="UTF-8"?>
<!-- Generated by org.testng.reporters.JUnitReportReporter -->
<testsuite hostname="RyanSchlientz" name="daoTest.ListingDAOTests" tests="5" failures="0" timestamp="3 Mar 2019 19:55:04 GMT" time="1.195" errors="0">
  <testcase name="createListingTest" time="0.303" classname="daoTest.ListingDAOTests"/>
  <testcase name="getAllListingTest" time="0.065" classname="daoTest.ListingDAOTests"/>
  <testcase name="updateListingTest" time="0.188" classname="daoTest.ListingDAOTests"/>
  <testcase name="getListingTest" time="0.070" classname="daoTest.ListingDAOTests"/>
  <testcase name="deleteListingTest" time="0.569" classname="daoTest.ListingDAOTests"/>
</testsuite> <!-- daoTest.ListingDAOTests -->
