<?xml version="1.0" encoding="UTF-8"?>
<!-- Generated by org.testng.reporters.JUnitReportReporter -->
<testsuite hostname="RyanSchlientz" name="daoTest.UserDAOTests" tests="5" failures="0" timestamp="3 Mar 2019 19:27:30 GMT" time="0.993" errors="0">
  <testcase name="getAllUserTest" time="0.112" classname="daoTest.UserDAOTests"/>
  <testcase name="deleteUserTest" time="0.244" classname="daoTest.UserDAOTests"/>
  <testcase name="createUserTest" time="0.373" classname="daoTest.UserDAOTests"/>
  <testcase name="getUserTest" time="0.087" classname="daoTest.UserDAOTests"/>
  <testcase name="updateUserTest" time="0.177" classname="daoTest.UserDAOTests"/>
</testsuite> <!-- daoTest.UserDAOTests -->
